<?xml version="1.0" encoding="UTF-8"?>
<testng-results ignored="0" total="2" passed="2" failed="0" skipped="0">
  <reporter-output>
  </reporter-output>
  <suite started-at="2021-07-05T14:42:25 EDT" name="All Test Suite" finished-at="2021-07-05T14:42:38 EDT" duration-ms="13153">
    <groups>
      <group name="cucumber">
        <method signature="AbstractTestNGCucumberTests.runScenario(io.cucumber.testng.PickleWrapper,io.cucumber.testng.FeatureWrapper)[pri:0, instance:com.jqueryUi.runner.TestRunner@2794eab6]" name="runScenario" class="io.cucumber.testng.AbstractTestNGCucumberTests"/>
      </group> <!-- cucumber -->
    </groups>
    <test started-at="2021-07-05T14:42:25 EDT" name="Final_Jenkins_JqueryUi_Project" finished-at="2021-07-05T14:42:38 EDT" duration-ms="13153">
      <class name="com.jqueryUi.runner.TestRunner">
        <test-method is-config="true" signature="setUpClass()[pri:0, instance:com.jqueryUi.runner.TestRunner@2794eab6]" started-at="2021-07-05T14:42:25 EDT" name="setUpClass" finished-at="2021-07-05T14:42:25 EDT" duration-ms="537" status="PASS">
          <reporter-output>
          </reporter-output>
        </test-method> <!-- setUpClass -->
        <test-method signature="runScenario(io.cucumber.testng.PickleWrapper,io.cucumber.testng.FeatureWrapper)[pri:0, instance:com.jqueryUi.runner.TestRunner@2794eab6]" started-at="2021-07-05T14:42:25 EDT" name="runScenario" description="Runs Cucumber Scenarios" data-provider="scenarios" finished-at="2021-07-05T14:42:32 EDT" duration-ms="7017" status="PASS">
          <params>
            <param index="0">
              <value>
                <![CDATA["Successfully selects AddClass"]]>
              </value>
            </param>
            <param index="1">
              <value>
                <![CDATA["Optional[Interactions]"]]>
              </value>
            </param>
          </params>
          <reporter-output>
          </reporter-output>
        </test-method> <!-- runScenario -->
        <test-method signature="runScenario(io.cucumber.testng.PickleWrapper,io.cucumber.testng.FeatureWrapper)[pri:0, instance:com.jqueryUi.runner.TestRunner@2794eab6]" started-at="2021-07-05T14:42:32 EDT" name="runScenario" description="Runs Cucumber Scenarios" data-provider="scenarios" finished-at="2021-07-05T14:42:37 EDT" duration-ms="5336" status="PASS">
          <params>
            <param index="0">
              <value>
                <![CDATA["Successfully selects WidgetFactory colors"]]>
              </value>
            </param>
            <param index="1">
              <value>
                <![CDATA["Optional[Interactions]"]]>
              </value>
            </param>
          </params>
          <reporter-output>
          </reporter-output>
        </test-method> <!-- runScenario -->
        <test-method is-config="true" signature="tearDownClass()[pri:0, instance:com.jqueryUi.runner.TestRunner@2794eab6]" started-at="2021-07-05T14:42:37 EDT" name="tearDownClass" finished-at="2021-07-05T14:42:38 EDT" duration-ms="217" status="PASS">
          <reporter-output>
          </reporter-output>
        </test-method> <!-- tearDownClass -->
      </class> <!-- com.jqueryUi.runner.TestRunner -->
    </test> <!-- Final_Jenkins_JqueryUi_Project -->
  </suite> <!-- All Test Suite -->
</testng-results>
