<?xml version="1.0" encoding="UTF-8"?>
<testng-results ignored="0" total="1" passed="0" failed="1" skipped="0">
  <reporter-output>
  </reporter-output>
  <suite started-at="2021-07-05T20:27:10 EDT" name="All Test Suite" finished-at="2021-07-05T20:27:19 EDT" duration-ms="8765">
    <groups>
      <group name="cucumber">
        <method signature="AbstractTestNGCucumberTests.runScenario(io.cucumber.testng.PickleWrapper,io.cucumber.testng.FeatureWrapper)[pri:0, instance:com.jqueryUi.runner.TestRunner@2794eab6]" name="runScenario" class="io.cucumber.testng.AbstractTestNGCucumberTests"/>
      </group> <!-- cucumber -->
    </groups>
    <test started-at="2021-07-05T20:27:10 EDT" name="Final_Jenkins_JqueryUi_Project" finished-at="2021-07-05T20:27:19 EDT" duration-ms="8765">
      <class name="com.jqueryUi.runner.TestRunner">
        <test-method is-config="true" signature="setUpClass()[pri:0, instance:com.jqueryUi.runner.TestRunner@2794eab6]" started-at="2021-07-05T20:27:10 EDT" name="setUpClass" finished-at="2021-07-05T20:27:11 EDT" duration-ms="596" status="PASS">
          <reporter-output>
          </reporter-output>
        </test-method> <!-- setUpClass -->
        <test-method signature="runScenario(io.cucumber.testng.PickleWrapper,io.cucumber.testng.FeatureWrapper)[pri:0, instance:com.jqueryUi.runner.TestRunner@2794eab6]" started-at="2021-07-05T20:27:11 EDT" name="runScenario" description="Runs Cucumber Scenarios" data-provider="scenarios" finished-at="2021-07-05T20:27:19 EDT" duration-ms="7883" status="FAIL">
          <params>
            <param index="0">
              <value>
                <![CDATA["Successfully drag box around"]]>
              </value>
            </param>
            <param index="1">
              <value>
                <![CDATA["Optional[Interactions]"]]>
              </value>
            </param>
          </params>
          <exception class="org.openqa.selenium.interactions.MoveTargetOutOfBoundsException">
            <message>
              <![CDATA[move target out of bounds
  (Session info: chrome=91.0.4472.124)
Build info: version: '4.0.0-beta-4', revision: '29f46d02dd'
System info: host: 'CRA3YCONTRA', ip: '192.168.1.127', os.name: 'Windows 10', os.arch: 'amd64', os.version: '10.0', java.version: '9.0.4'
Driver info: org.openqa.selenium.chrome.ChromeDriver
Command: [aed08823ed1333cce5d39aba498e25c6, actions {actions=[org.openqa.selenium.interactions.Sequence@217c23ce]}]
Capabilities {acceptInsecureCerts: false, browserName: chrome, browserVersion: 91.0.4472.124, chrome: {chromedriverVersion: 91.0.4472.101 (af52a90bf870..., userDataDir: C:\WINDOWS\TEMP\scoped_dir1...}, goog:chromeOptions: {debuggerAddress: localhost:59499}, javascriptEnabled: true, networkConnectionEnabled: false, pageLoadStrategy: normal, platform: WINDOWS, platformName: WINDOWS, proxy: Proxy(), se:cdp: ws://localhost:59499/devtoo..., se:cdpVersion: 91.0.4472.124, setWindowRect: true, strictFileInteractability: false, timeouts: {implicit: 0, pageLoad: 300000, script: 30000}, unhandledPromptBehavior: dismiss and notify, webauthn:extension:largeBlob: true, webauthn:virtualAuthenticators: true}
Session ID: aed08823ed1333cce5d39aba498e25c6]]>
            </message>
            <full-stacktrace>
              <![CDATA[org.openqa.selenium.interactions.MoveTargetOutOfBoundsException: move target out of bounds
  (Session info: chrome=91.0.4472.124)
Build info: version: '4.0.0-beta-4', revision: '29f46d02dd'
System info: host: 'CRA3YCONTRA', ip: '192.168.1.127', os.name: 'Windows 10', os.arch: 'amd64', os.version: '10.0', java.version: '9.0.4'
Driver info: org.openqa.selenium.chrome.ChromeDriver
Command: [aed08823ed1333cce5d39aba498e25c6, actions {actions=[org.openqa.selenium.interactions.Sequence@217c23ce]}]
Capabilities {acceptInsecureCerts: false, browserName: chrome, browserVersion: 91.0.4472.124, chrome: {chromedriverVersion: 91.0.4472.101 (af52a90bf870..., userDataDir: C:\WINDOWS\TEMP\scoped_dir1...}, goog:chromeOptions: {debuggerAddress: localhost:59499}, javascriptEnabled: true, networkConnectionEnabled: false, pageLoadStrategy: normal, platform: WINDOWS, platformName: WINDOWS, proxy: Proxy(), se:cdp: ws://localhost:59499/devtoo..., se:cdpVersion: 91.0.4472.124, setWindowRect: true, strictFileInteractability: false, timeouts: {implicit: 0, pageLoad: 300000, script: 30000}, unhandledPromptBehavior: dismiss and notify, webauthn:extension:largeBlob: true, webauthn:virtualAuthenticators: true}
Session ID: aed08823ed1333cce5d39aba498e25c6
at java.base/jdk.internal.reflect.NativeConstructorAccessorImpl.newInstance0(Native Method)
at java.base/jdk.internal.reflect.NativeConstructorAccessorImpl.newInstance(NativeConstructorAccessorImpl.java:62)
at java.base/jdk.internal.reflect.DelegatingConstructorAccessorImpl.newInstance(DelegatingConstructorAccessorImpl.java:45)
at java.base/java.lang.reflect.Constructor.newInstance(Constructor.java:488)
at org.openqa.selenium.remote.codec.w3c.W3CHttpResponseCodec.createException(W3CHttpResponseCodec.java:200)
at org.openqa.selenium.remote.codec.w3c.W3CHttpResponseCodec.decode(W3CHttpResponseCodec.java:133)
at org.openqa.selenium.remote.codec.w3c.W3CHttpResponseCodec.decode(W3CHttpResponseCodec.java:53)
at org.openqa.selenium.remote.HttpCommandExecutor.execute(HttpCommandExecutor.java:184)
at org.openqa.selenium.remote.service.DriverCommandExecutor.invokeExecute(DriverCommandExecutor.java:162)
at org.openqa.selenium.remote.service.DriverCommandExecutor.execute(DriverCommandExecutor.java:137)
at org.openqa.selenium.remote.RemoteWebDriver.execute(RemoteWebDriver.java:612)
at org.openqa.selenium.remote.RemoteWebDriver.perform(RemoteWebDriver.java:680)
at org.openqa.selenium.interactions.Actions$BuiltAction.perform(Actions.java:617)
at com.jqueryUi.pages.MainPage.draggable_box_move(MainPage.java:55)
at com.jqueryUi.step_definitions.Interactions_Steps.user_click_on_drag_me_around_box_and_drag_it_around(Interactions_Steps.java:18)
at ✽.user click on Drag me around box and drag it around(file:///E:/QAMainFolder/All%20Projects%20Main%20folder/Cyram_LocalRepo/FINAL/Final_Jenkins_JqueryUi_Project/src/test/resources/features/interactions_feature/Interactions.feature:8)
]]>
            </full-stacktrace>
          </exception> <!-- org.openqa.selenium.interactions.MoveTargetOutOfBoundsException -->
          <reporter-output>
          </reporter-output>
        </test-method> <!-- runScenario -->
        <test-method is-config="true" signature="tearDownClass()[pri:0, instance:com.jqueryUi.runner.TestRunner@2794eab6]" started-at="2021-07-05T20:27:19 EDT" name="tearDownClass" finished-at="2021-07-05T20:27:19 EDT" duration-ms="233" status="PASS">
          <reporter-output>
          </reporter-output>
        </test-method> <!-- tearDownClass -->
      </class> <!-- com.jqueryUi.runner.TestRunner -->
    </test> <!-- Final_Jenkins_JqueryUi_Project -->
  </suite> <!-- All Test Suite -->
</testng-results>
