<?xml version="1.0" encoding="UTF-8"?>
<!-- Generated by org.testng.reporters.JUnitXMLReporter -->
<testsuite ignored="0" hostname="Cra3ycontra" failures="0" tests="2" name="Final_Jenkins_JqueryUi_Project" time="13.175" errors="0" timestamp="2021-07-05T14:43:59 EDT">
  <testcase classname="io.cucumber.testng.AbstractTestNGCucumberTests" name="runScenario" time="6.926"/>
  <testcase classname="io.cucumber.testng.AbstractTestNGCucumberTests" name="runScenario" time="5.358"/>
</testsuite> <!-- Final_Jenkins_JqueryUi_Project -->
